#
# There is insufficient memory for the Java Runtime Environment to continue.
# Native memory allocation (mmap) failed to map 266338304 bytes for G1 virtual space
# Possible reasons:
#   The system is out of physical RAM or swap space
#   The process is running with CompressedOops enabled, and the Java Heap may be blocking the growth of the native heap
# Possible solutions:
#   Reduce memory load on the system
#   Increase physical memory or swap space
#   Check if swap backing store is full
#   Decrease Java heap size (-Xmx/-Xms)
#   Decrease number of Java threads
#   Decrease Java thread stack sizes (-Xss)
#   Set larger code cache with -XX:ReservedCodeCacheSize=
#   JVM is running with Zero Based Compressed Oops mode in which the Java heap is
#     placed in the first 32GB address space. The Java Heap base address is the
#     maximum limit for the native heap growth. Please use -XX:HeapBaseMinAddress
#     to set the Java Heap base and to place the Java Heap above 32GB virtual address.
# This output file may be truncated or incomplete.
#
#  Out of Memory Error (os_windows.cpp:3552), pid=13000, tid=17292
#
# JRE version:  (17.0.9+11) (build )
# Java VM: Java HotSpot(TM) 64-Bit Server VM (17.0.9+11-LTS-201, mixed mode, sharing, tiered, compressed oops, compressed class ptrs, g1 gc, windows-amd64)
# No core dump will be written. Minidumps are not enabled by default on client versions of Windows
#

---------------  S U M M A R Y ------------

Command Line: -Dclassworlds.conf=C:\Maven\apache-maven-3.9.6\bin\m2.conf -Dmaven.home=C:\Maven\apache-maven-3.9.6 -Dlibrary.jansi.path=C:\Maven\apache-maven-3.9.6\lib\jansi-native -Dmaven.multiModuleProjectDirectory=E:\ITI\Hr_Manager_Api\SoapApi org.codehaus.plexus.classworlds.launcher.Launcher clean tomcat7:redeploy

Host: Intel(R) Core(TM) i7-9750H CPU @ 2.60GHz, 12 cores, 15G,  Windows 10 , 64 bit Build 19041 (10.0.19041.3636)
Time: Mon Apr  8 00:55:29 2024 Egypt Standard Time elapsed time: 0.009608 seconds (0d 0h 0m 0s)

---------------  T H R E A D  ---------------

Current thread (0x0000015c85c7a620):  JavaThread "Unknown thread" [_thread_in_vm, id=17292, stack(0x00000054db000000,0x00000054db100000)]

Stack: [0x00000054db000000,0x00000054db100000]
Native frames: (J=compiled Java code, j=interpreted, Vv=VM code, C=native code)
V  [jvm.dll+0x678a4a]
V  [jvm.dll+0x7d9cfd]
V  [jvm.dll+0x7db60e]
V  [jvm.dll+0x7dbc73]
V  [jvm.dll+0x245e1f]
V  [jvm.dll+0x6758f9]
V  [jvm.dll+0x66a2a2]
V  [jvm.dll+0x303686]
V  [jvm.dll+0x30ac06]
V  [jvm.dll+0x35a48e]
V  [jvm.dll+0x35a6bf]
V  [jvm.dll+0x2da678]
V  [jvm.dll+0x2db5e4]
V  [jvm.dll+0x7ab6b1]
V  [jvm.dll+0x368041]
V  [jvm.dll+0x78a749]
V  [jvm.dll+0x3ebd4f]
V  [jvm.dll+0x3ed7d1]
C  [jli.dll+0x5297]
C  [ucrtbase.dll+0x21bb2]
C  [KERNEL32.DLL+0x17344]
C  [ntdll.dll+0x526b1]


---------------  P R O C E S S  ---------------

Threads class SMR info:
_java_thread_list=0x00007ffc397889d8, length=0, elements={
}

Java Threads: ( => current thread )

Other Threads:
  0x0000015c85ce2000 GCTaskThread "GC Thread#0" [stack: 0x00000054db100000,0x00000054db200000] [id=24600]
  0x0000015c85cf2c50 ConcurrentGCThread "G1 Main Marker" [stack: 0x00000054db200000,0x00000054db300000] [id=4604]
  0x0000015c85cf3e00 ConcurrentGCThread "G1 Conc#0" [stack: 0x00000054db300000,0x00000054db400000] [id=23800]

[error occurred during error reporting (printing all threads), id 0xc0000005, EXCEPTION_ACCESS_VIOLATION (0xc0000005) at pc=0x00007ffc38fbb2d7]

VM state: not at safepoint (not fully initialized)

VM Mutex/Monitor currently owned by a thread:  ([mutex/lock_event])
[0x0000015c85c778b0] Heap_lock - owner thread: 0x0000015c85c7a620

Heap address: 0x0000000703000000, size: 4048 MB, Compressed Oops mode: Zero based, Oop shift amount: 3

CDS archive(s) mapped at: [0x0000000000000000-0x0000000000000000-0x0000000000000000), size 0, SharedBaseAddress: 0x0000000800000000, ArchiveRelocationMode: 1.
Narrow klass base: 0x0000000000000000, Narrow klass shift: 0, Narrow klass range: 0x0

GC Precious Log:
<Empty>

Heap:
 garbage-first heap   total 0K, used 0K [0x0000000703000000, 0x0000000800000000)
  region size 2048K, 0 young (0K), 0 survivors (0K)

[error occurred during error reporting (printing heap information), id 0xc0000005, EXCEPTION_ACCESS_VIOLATION (0xc0000005) at pc=0x00007ffc393a2229]

GC Heap History (0 events):
No events

Deoptimization events (0 events):
No events

Classes unloaded (0 events):
No events

Classes redefined (0 events):
No events

Internal exceptions (0 events):
No events

VM Operations (0 events):
No events

Events (1 events):
Event: 0.006 Loaded shared library C:\Program Files\Java\jdk-17.0.9\bin\java.dll


Dynamic libraries:
0x00007ff744910000 - 0x00007ff744920000 	C:\Program Files\Java\jdk-17.0.9\bin\java.exe
0x00007ffcec970000 - 0x00007ffcecb68000 	C:\WINDOWS\SYSTEM32\ntdll.dll
0x00007ffceb7e0000 - 0x00007ffceb89d000 	C:\WINDOWS\System32\KERNEL32.DLL
0x00007ffcea550000 - 0x00007ffcea846000 	C:\WINDOWS\System32\KERNELBASE.dll
0x00007ffcea130000 - 0x00007ffcea230000 	C:\WINDOWS\System32\ucrtbase.dll
0x00007ffce04f0000 - 0x00007ffce0509000 	C:\Program Files\Java\jdk-17.0.9\bin\jli.dll
0x00007ffcdfa30000 - 0x00007ffcdfa4b000 	C:\Program Files\Java\jdk-17.0.9\bin\VCRUNTIME140.dll
0x00007ffcebb80000 - 0x00007ffcebc30000 	C:\WINDOWS\System32\ADVAPI32.dll
0x00007ffceba70000 - 0x00007ffcebb0e000 	C:\WINDOWS\System32\msvcrt.dll
0x00007ffcec4a0000 - 0x00007ffcec540000 	C:\WINDOWS\System32\sechost.dll
0x00007ffcec540000 - 0x00007ffcec665000 	C:\WINDOWS\System32\RPCRT4.dll
0x00007ffcea020000 - 0x00007ffcea047000 	C:\WINDOWS\System32\bcrypt.dll
0x00007ffcec670000 - 0x00007ffcec80e000 	C:\WINDOWS\System32\USER32.dll
0x00007ffcea850000 - 0x00007ffcea872000 	C:\WINDOWS\System32\win32u.dll
0x00007ffcc8350000 - 0x00007ffcc85ea000 	C:\WINDOWS\WinSxS\amd64_microsoft.windows.common-controls_6595b64144ccf1df_6.0.19041.3636_none_60b6a03d71f818d5\COMCTL32.dll
0x00007ffceb180000 - 0x00007ffceb1ab000 	C:\WINDOWS\System32\GDI32.dll
0x00007ffcea880000 - 0x00007ffcea997000 	C:\WINDOWS\System32\gdi32full.dll
0x00007ffcea4b0000 - 0x00007ffcea54d000 	C:\WINDOWS\System32\msvcp_win.dll
0x00007ffcdef20000 - 0x00007ffcdef2a000 	C:\WINDOWS\SYSTEM32\VERSION.dll
0x00007ffceb3a0000 - 0x00007ffceb3d2000 	C:\WINDOWS\System32\IMM32.DLL
0x00007ffce04e0000 - 0x00007ffce04ec000 	C:\Program Files\Java\jdk-17.0.9\bin\vcruntime140_1.dll
0x00007ffc9e2d0000 - 0x00007ffc9e35e000 	C:\Program Files\Java\jdk-17.0.9\bin\msvcp140.dll
0x00007ffc38cd0000 - 0x00007ffc398b1000 	C:\Program Files\Java\jdk-17.0.9\bin\server\jvm.dll
0x00007ffceb170000 - 0x00007ffceb178000 	C:\WINDOWS\System32\PSAPI.DLL
0x00007ffce25a0000 - 0x00007ffce25a9000 	C:\WINDOWS\SYSTEM32\WSOCK32.dll
0x00007ffcd2dd0000 - 0x00007ffcd2df7000 	C:\WINDOWS\SYSTEM32\WINMM.dll
0x00007ffcebb10000 - 0x00007ffcebb7b000 	C:\WINDOWS\System32\WS2_32.dll
0x00007ffce7f00000 - 0x00007ffce7f12000 	C:\WINDOWS\SYSTEM32\kernel.appcore.dll
0x00007ffcdbfb0000 - 0x00007ffcdbfba000 	C:\Program Files\Java\jdk-17.0.9\bin\jimage.dll
0x00007ffce7bf0000 - 0x00007ffce7dd4000 	C:\WINDOWS\SYSTEM32\DBGHELP.DLL
0x00007ffcdbfc0000 - 0x00007ffcdbff4000 	C:\WINDOWS\SYSTEM32\dbgcore.DLL
0x00007ffcea050000 - 0x00007ffcea0d2000 	C:\WINDOWS\System32\bcryptPrimitives.dll
0x00007ffcd9e90000 - 0x00007ffcd9eb5000 	C:\Program Files\Java\jdk-17.0.9\bin\java.dll

dbghelp: loaded successfully - version: 4.0.5 - missing functions: none
symbol engine: initialized successfully - sym options: 0x614 - pdb path: .;C:\Program Files\Java\jdk-17.0.9\bin;C:\WINDOWS\SYSTEM32;C:\WINDOWS\WinSxS\amd64_microsoft.windows.common-controls_6595b64144ccf1df_6.0.19041.3636_none_60b6a03d71f818d5;C:\Program Files\Java\jdk-17.0.9\bin\server

VM Arguments:
jvm_args: -Dclassworlds.conf=C:\Maven\apache-maven-3.9.6\bin\m2.conf -Dmaven.home=C:\Maven\apache-maven-3.9.6 -Dlibrary.jansi.path=C:\Maven\apache-maven-3.9.6\lib\jansi-native -Dmaven.multiModuleProjectDirectory=E:\ITI\Hr_Manager_Api\SoapApi 
java_command: org.codehaus.plexus.classworlds.launcher.Launcher clean tomcat7:redeploy
java_class_path (initial): C:\Maven\apache-maven-3.9.6\boot\plexus-classworlds-2.7.0.jar
Launcher Type: SUN_STANDARD

[Global flags]
     intx CICompilerCount                          = 4                                         {product} {ergonomic}
     uint ConcGCThreads                            = 3                                         {product} {ergonomic}
     uint G1ConcRefinementThreads                  = 10                                        {product} {ergonomic}
   size_t G1HeapRegionSize                         = 2097152                                   {product} {ergonomic}
    uintx GCDrainStackTargetSize                   = 64                                        {product} {ergonomic}
   size_t InitialHeapSize                          = 266338304                                 {product} {ergonomic}
   size_t MarkStackSize                            = 4194304                                   {product} {ergonomic}
   size_t MaxHeapSize                              = 4244635648                                {product} {ergonomic}
   size_t MinHeapDeltaBytes                        = 2097152                                   {product} {ergonomic}
   size_t MinHeapSize                              = 8388608                                   {product} {ergonomic}
    uintx NonNMethodCodeHeapSize                   = 5839372                                {pd product} {ergonomic}
    uintx NonProfiledCodeHeapSize                  = 122909434                              {pd product} {ergonomic}
    uintx ProfiledCodeHeapSize                     = 122909434                              {pd product} {ergonomic}
    uintx ReservedCodeCacheSize                    = 251658240                              {pd product} {ergonomic}
     bool SegmentedCodeCache                       = true                                      {product} {ergonomic}
   size_t SoftMaxHeapSize                          = 4244635648                             {manageable} {ergonomic}
     bool UseCompressedClassPointers               = true                           {product lp64_product} {ergonomic}
     bool UseCompressedOops                        = true                           {product lp64_product} {ergonomic}
     bool UseG1GC                                  = true                                      {product} {ergonomic}
     bool UseLargePagesIndividualAllocation        = false                                  {pd product} {ergonomic}

Logging:
Log output configuration:
 #0: stdout all=warning uptime,level,tags
 #1: stderr all=off uptime,level,tags

Environment Variables:
JAVA_HOME=C:\Program Files\Java\jdk-17.0.9
PATH=E:\downloads\jaxb-ri\bin;C:\Program Files\Zulu\zulu-17\bin\;C:\Program Files\Java\jdk-17.0.9\bin;C:\Program Files\Common Files\Oracle\Java\javapath;C:\oraclexe\app\oracle\product\11.2.0\server\bin;C:\Python310\Scripts\;C:\Python310\;C:\Program Files\Python38\Scripts\;C:\Program Files\Python38\;C:\Python27;C:\Windows;C:\Windows\System32\Wbem;C:\Windows\System32\WindowsPowerShell\v1.0\;C:\Windows\System32\OpenSSH\;C:\Program Files (x86)\NVIDIA Corporation\PhysX\Common;C:\Program Files\NVIDIA Corporation\NVIDIA NGX;C:\Program Files\NVIDIA Corporation\NVIDIA NvDLISR;C:\WINDOWS\system32;C:\WINDOWS;C:\WINDOWS\System32\Wbem;C:\WINDOWS\System32\WindowsPowerShell\v1.0\;C:\WINDOWS\System32\OpenSSH\;C:\Program Files\Microsoft SQL Server\150\Tools\Binn\;C:\ProgramData\chocolatey\bin;C:\Program Files\Microsoft SQL Server\Client SDK\ODBC\170\Tools\Binn\;C:\Program Files (x86)\Microsoft SQL Server\160\Tools\Binn\;C:\Program Files\Microsoft SQL Server\160\Tools\Binn\;C:\Program Files\Microsoft SQL Server\160\DTS\Binn\;C:\Maven\apache-maven-3.9.6\bin;C:\Program Files\Git\cmd;C:\Users\reems\AppData\Local\Programs Files\Python\Python37\Scripts;C:\Users\reems\AppData\roaming\Python\Python37\scripts\;C:\ProgramData\Microsoft\Windows\Start Menu\Programs\Cygwin;C:\Users\reems\AppData\Local\Programs\Microsoft VS Code\bin;C:\Program Files\heroku\bin;C:\Program Files\Azure Data Studio\bin;C:\Program Files\JetBrains\IntelliJ IDEA 2023.3.4\bin;
USERNAME=reems
OS=Windows_NT
PROCESSOR_IDENTIFIER=Intel64 Family 6 Model 158 Stepping 10, GenuineIntel



---------------  S Y S T E M  ---------------

OS:
 Windows 10 , 64 bit Build 19041 (10.0.19041.3636)
OS uptime: 0 days 15:53 hours
Hyper-V role detected

CPU: total 12 (initial active 12) (6 cores per cpu, 2 threads per core) family 6 model 158 stepping 10 microcode 0xd6, cx8, cmov, fxsr, ht, mmx, 3dnowpref, sse, sse2, sse3, ssse3, sse4.1, sse4.2, popcnt, lzcnt, tsc, tscinvbit, avx, avx2, aes, erms, clmul, bmi1, bmi2, adx, fma, vzeroupper, clflush, clflushopt, hv

Memory: 4k page, system-wide physical 16190M (2855M free)
TotalPageFile size 22045M (AvailPageFile size 138M)
current process WorkingSet (physical memory assigned to process): 10M, peak: 10M
current process commit charge ("private bytes"): 64M, peak: 318M

vm_info: Java HotSpot(TM) 64-Bit Server VM (17.0.9+11-LTS-201) for windows-amd64 JRE (17.0.9+11-LTS-201), built on Oct 10 2023 23:16:06 by "mach5one" with MS VC++ 17.1 (VS2022)

END.
