#
# There is insufficient memory for the Java Runtime Environment to continue.
# Native memory allocation (malloc) failed to allocate 32744 bytes for ChunkPool::allocate
# Possible reasons:
#   The system is out of physical RAM or swap space
#   The process is running with CompressedOops enabled, and the Java Heap may be blocking the growth of the native heap
# Possible solutions:
#   Reduce memory load on the system
#   Increase physical memory or swap space
#   Check if swap backing store is full
#   Decrease Java heap size (-Xmx/-Xms)
#   Decrease number of Java threads
#   Decrease Java thread stack sizes (-Xss)
#   Set larger code cache with -XX:ReservedCodeCacheSize=
#   JVM is running with Zero Based Compressed Oops mode in which the Java heap is
#     placed in the first 32GB address space. The Java Heap base address is the
#     maximum limit for the native heap growth. Please use -XX:HeapBaseMinAddress
#     to set the Java Heap base and to place the Java Heap above 32GB virtual address.
# This output file may be truncated or incomplete.
#
#  Out of Memory Error (arena.cpp:78), pid=7908, tid=9036
#
# JRE version: Java(TM) SE Runtime Environment (17.0.9+11) (build 17.0.9+11-LTS-201)
# Java VM: Java HotSpot(TM) 64-Bit Server VM (17.0.9+11-LTS-201, mixed mode, sharing, tiered, compressed oops, compressed class ptrs, g1 gc, windows-amd64)
# No core dump will be written. Minidumps are not enabled by default on client versions of Windows
#

---------------  S U M M A R Y ------------

Command Line: -Dclassworlds.conf=C:\Maven\apache-maven-3.9.6\bin\m2.conf -Dmaven.home=C:\Maven\apache-maven-3.9.6 -Dlibrary.jansi.path=C:\Maven\apache-maven-3.9.6\lib\jansi-native -Dmaven.multiModuleProjectDirectory=E:\ITI\Hr_Manager_Api\SoapApi org.codehaus.plexus.classworlds.launcher.Launcher clean tomcat7:redeploy

Host: Intel(R) Core(TM) i7-9750H CPU @ 2.60GHz, 12 cores, 15G,  Windows 10 , 64 bit Build 19041 (10.0.19041.3636)
Time: Mon Apr  8 03:04:34 2024 Egypt Standard Time elapsed time: 0.290369 seconds (0d 0h 0m 0s)

---------------  T H R E A D  ---------------

Current thread (0x00000157245da9f0):  JavaThread "C1 CompilerThread0" daemon [_thread_in_native, id=9036, stack(0x000000360f800000,0x000000360f900000)]


Current CompileTask:
C1:    290  488       3       java.net.URLStreamHandler::parseURL (1201 bytes)

Stack: [0x000000360f800000,0x000000360f900000]
Native frames: (J=compiled Java code, j=interpreted, Vv=VM code, C=native code)
V  [jvm.dll+0x678a4a]
V  [jvm.dll+0x7d9cfd]
V  [jvm.dll+0x7db60e]
V  [jvm.dll+0x7dbc73]
V  [jvm.dll+0x245e1f]
V  [jvm.dll+0xaad50]
V  [jvm.dll+0xab09c]
V  [jvm.dll+0x11c015]
V  [jvm.dll+0x180696]
V  [jvm.dll+0x1820bd]
V  [jvm.dll+0x18176a]
V  [jvm.dll+0x149d4b]
V  [jvm.dll+0x134508]
V  [jvm.dll+0x134690]
V  [jvm.dll+0x134958]
V  [jvm.dll+0x133df1]
V  [jvm.dll+0x135a8d]
V  [jvm.dll+0x2272de]
V  [jvm.dll+0x22548b]
V  [jvm.dll+0x78f58c]
V  [jvm.dll+0x78998a]
V  [jvm.dll+0x677875]
C  [ucrtbase.dll+0x21bb2]
C  [KERNEL32.DLL+0x17344]
C  [ntdll.dll+0x526b1]


---------------  P R O C E S S  ---------------

Threads class SMR info:
_java_thread_list=0x000001572472a500, length=12, elements={
0x0000015701436ea0, 0x00000157244a5b70, 0x00000157244a69f0, 0x00000157245c0250,
0x00000157245c0c10, 0x00000157245c15d0, 0x00000157245c67f0, 0x00000157245d1f30,
0x00000157245da9f0, 0x00000157245c4390, 0x00000157247079e0, 0x000001572472d0c0
}

Java Threads: ( => current thread )
  0x0000015701436ea0 JavaThread "main" [_thread_in_vm, id=23808, stack(0x000000360ea00000,0x000000360eb00000)]
  0x00000157244a5b70 JavaThread "Reference Handler" daemon [_thread_blocked, id=26568, stack(0x000000360f100000,0x000000360f200000)]
  0x00000157244a69f0 JavaThread "Finalizer" daemon [_thread_blocked, id=10648, stack(0x000000360f200000,0x000000360f300000)]
  0x00000157245c0250 JavaThread "Signal Dispatcher" daemon [_thread_blocked, id=15324, stack(0x000000360f300000,0x000000360f400000)]
  0x00000157245c0c10 JavaThread "Attach Listener" daemon [_thread_blocked, id=27284, stack(0x000000360f400000,0x000000360f500000)]
  0x00000157245c15d0 JavaThread "Service Thread" daemon [_thread_blocked, id=20120, stack(0x000000360f500000,0x000000360f600000)]
  0x00000157245c67f0 JavaThread "Monitor Deflation Thread" daemon [_thread_blocked, id=19744, stack(0x000000360f600000,0x000000360f700000)]
  0x00000157245d1f30 JavaThread "C2 CompilerThread0" daemon [_thread_in_native, id=25452, stack(0x000000360f700000,0x000000360f800000)]
=>0x00000157245da9f0 JavaThread "C1 CompilerThread0" daemon [_thread_in_native, id=9036, stack(0x000000360f800000,0x000000360f900000)]
  0x00000157245c4390 JavaThread "Sweeper thread" daemon [_thread_blocked, id=620, stack(0x000000360f900000,0x000000360fa00000)]
  0x00000157247079e0 JavaThread "Notification Thread" daemon [_thread_blocked, id=24024, stack(0x000000360fa00000,0x000000360fb00000)]
  0x000001572472d0c0 JavaThread "Common-Cleaner" daemon [_thread_blocked, id=18480, stack(0x000000360fc00000,0x000000360fd00000)]

Other Threads:
  0x00000157244a1f70 VMThread "VM Thread" [stack: 0x000000360f000000,0x000000360f100000] [id=13396]
  0x00000157014bb340 WatcherThread [stack: 0x000000360fb00000,0x000000360fc00000] [id=6224]
  0x00000157014a24d0 GCTaskThread "GC Thread#0" [stack: 0x000000360eb00000,0x000000360ec00000] [id=2452]
  0x00000157014b4130 ConcurrentGCThread "G1 Main Marker" [stack: 0x000000360ec00000,0x000000360ed00000] [id=6996]
  0x00000157014b52e0 ConcurrentGCThread "G1 Conc#0" [stack: 0x000000360ed00000,0x000000360ee00000] [id=25300]
  0x000001570150e4b0 ConcurrentGCThread "G1 Refine#0" [stack: 0x000000360ee00000,0x000000360ef00000] [id=25336]
  0x00000157243571b0 ConcurrentGCThread "G1 Service" [stack: 0x000000360ef00000,0x000000360f000000] [id=22008]

Threads with active compile tasks:
C2 CompilerThread0      327  491       4       java.util.Objects::requireNonNull (14 bytes)
C1 CompilerThread0      327  488       3       java.net.URLStreamHandler::parseURL (1201 bytes)

VM state: not at safepoint (normal execution)

VM Mutex/Monitor currently owned by a thread: None

Heap address: 0x0000000703000000, size: 4048 MB, Compressed Oops mode: Zero based, Oop shift amount: 3

CDS archive(s) mapped at: [0x0000015725000000-0x0000015725bd0000-0x0000015725bd0000), size 12386304, SharedBaseAddress: 0x0000015725000000, ArchiveRelocationMode: 1.
Compressed class space mapped at: 0x0000015726000000-0x0000015766000000, reserved size: 1073741824
Narrow klass base: 0x0000015725000000, Narrow klass shift: 0, Narrow klass range: 0x100000000

GC Precious Log:
 CPUs: 12 total, 12 available
 Memory: 16190M
 Large Page Support: Disabled
 NUMA Support: Disabled
 Compressed Oops: Enabled (Zero based)
 Heap Region Size: 2M
 Heap Min Capacity: 8M
 Heap Initial Capacity: 254M
 Heap Max Capacity: 4048M
 Pre-touch: Disabled
 Parallel Workers: 10
 Concurrent Workers: 3
 Concurrent Refinement Workers: 10
 Periodic GC: Disabled

Heap:
 garbage-first heap   total 260096K, used 6144K [0x0000000703000000, 0x0000000800000000)
  region size 2048K, 4 young (8192K), 0 survivors (0K)
 Metaspace       used 2305K, committed 2368K, reserved 1114112K
  class space    used 221K, committed 256K, reserved 1048576K

Heap Regions: E=young(eden), S=young(survivor), O=old, HS=humongous(starts), HC=humongous(continues), CS=collection set, F=free, OA=open archive, CA=closed archive, TAMS=top-at-mark-start (previous, next)
|   0|0x0000000703000000, 0x0000000703000000, 0x0000000703200000|  0%| F|  |TAMS 0x0000000703000000, 0x0000000703000000| Untracked 
|   1|0x0000000703200000, 0x0000000703200000, 0x0000000703400000|  0%| F|  |TAMS 0x0000000703200000, 0x0000000703200000| Untracked 
|   2|0x0000000703400000, 0x0000000703400000, 0x0000000703600000|  0%| F|  |TAMS 0x0000000703400000, 0x0000000703400000| Untracked 
|   3|0x0000000703600000, 0x0000000703600000, 0x0000000703800000|  0%| F|  |TAMS 0x0000000703600000, 0x0000000703600000| Untracked 
|   4|0x0000000703800000, 0x0000000703800000, 0x0000000703a00000|  0%| F|  |TAMS 0x0000000703800000, 0x0000000703800000| Untracked 
|   5|0x0000000703a00000, 0x0000000703a00000, 0x0000000703c00000|  0%| F|  |TAMS 0x0000000703a00000, 0x0000000703a00000| Untracked 
|   6|0x0000000703c00000, 0x0000000703c00000, 0x0000000703e00000|  0%| F|  |TAMS 0x0000000703c00000, 0x0000000703c00000| Untracked 
|   7|0x0000000703e00000, 0x0000000703e00000, 0x0000000704000000|  0%| F|  |TAMS 0x0000000703e00000, 0x0000000703e00000| Untracked 
|   8|0x0000000704000000, 0x0000000704000000, 0x0000000704200000|  0%| F|  |TAMS 0x0000000704000000, 0x0000000704000000| Untracked 
|   9|0x0000000704200000, 0x0000000704200000, 0x0000000704400000|  0%| F|  |TAMS 0x0000000704200000, 0x0000000704200000| Untracked 
|  10|0x0000000704400000, 0x0000000704400000, 0x0000000704600000|  0%| F|  |TAMS 0x0000000704400000, 0x0000000704400000| Untracked 
|  11|0x0000000704600000, 0x0000000704600000, 0x0000000704800000|  0%| F|  |TAMS 0x0000000704600000, 0x0000000704600000| Untracked 
|  12|0x0000000704800000, 0x0000000704800000, 0x0000000704a00000|  0%| F|  |TAMS 0x0000000704800000, 0x0000000704800000| Untracked 
|  13|0x0000000704a00000, 0x0000000704a00000, 0x0000000704c00000|  0%| F|  |TAMS 0x0000000704a00000, 0x0000000704a00000| Untracked 
|  14|0x0000000704c00000, 0x0000000704c00000, 0x0000000704e00000|  0%| F|  |TAMS 0x0000000704c00000, 0x0000000704c00000| Untracked 
|  15|0x0000000704e00000, 0x0000000704e00000, 0x0000000705000000|  0%| F|  |TAMS 0x0000000704e00000, 0x0000000704e00000| Untracked 
|  16|0x0000000705000000, 0x0000000705000000, 0x0000000705200000|  0%| F|  |TAMS 0x0000000705000000, 0x0000000705000000| Untracked 
|  17|0x0000000705200000, 0x0000000705200000, 0x0000000705400000|  0%| F|  |TAMS 0x0000000705200000, 0x0000000705200000| Untracked 
|  18|0x0000000705400000, 0x0000000705400000, 0x0000000705600000|  0%| F|  |TAMS 0x0000000705400000, 0x0000000705400000| Untracked 
|  19|0x0000000705600000, 0x0000000705600000, 0x0000000705800000|  0%| F|  |TAMS 0x0000000705600000, 0x0000000705600000| Untracked 
|  20|0x0000000705800000, 0x0000000705800000, 0x0000000705a00000|  0%| F|  |TAMS 0x0000000705800000, 0x0000000705800000| Untracked 
|  21|0x0000000705a00000, 0x0000000705a00000, 0x0000000705c00000|  0%| F|  |TAMS 0x0000000705a00000, 0x0000000705a00000| Untracked 
|  22|0x0000000705c00000, 0x0000000705c00000, 0x0000000705e00000|  0%| F|  |TAMS 0x0000000705c00000, 0x0000000705c00000| Untracked 
|  23|0x0000000705e00000, 0x0000000705e00000, 0x0000000706000000|  0%| F|  |TAMS 0x0000000705e00000, 0x0000000705e00000| Untracked 
|  24|0x0000000706000000, 0x0000000706000000, 0x0000000706200000|  0%| F|  |TAMS 0x0000000706000000, 0x0000000706000000| Untracked 
|  25|0x0000000706200000, 0x0000000706200000, 0x0000000706400000|  0%| F|  |TAMS 0x0000000706200000, 0x0000000706200000| Untracked 
|  26|0x0000000706400000, 0x0000000706400000, 0x0000000706600000|  0%| F|  |TAMS 0x0000000706400000, 0x0000000706400000| Untracked 
|  27|0x0000000706600000, 0x0000000706600000, 0x0000000706800000|  0%| F|  |TAMS 0x0000000706600000, 0x0000000706600000| Untracked 
|  28|0x0000000706800000, 0x0000000706800000, 0x0000000706a00000|  0%| F|  |TAMS 0x0000000706800000, 0x0000000706800000| Untracked 
|  29|0x0000000706a00000, 0x0000000706a00000, 0x0000000706c00000|  0%| F|  |TAMS 0x0000000706a00000, 0x0000000706a00000| Untracked 
|  30|0x0000000706c00000, 0x0000000706c00000, 0x0000000706e00000|  0%| F|  |TAMS 0x0000000706c00000, 0x0000000706c00000| Untracked 
|  31|0x0000000706e00000, 0x0000000706e00000, 0x0000000707000000|  0%| F|  |TAMS 0x0000000706e00000, 0x0000000706e00000| Untracked 
|  32|0x0000000707000000, 0x0000000707000000, 0x0000000707200000|  0%| F|  |TAMS 0x0000000707000000, 0x0000000707000000| Untracked 
|  33|0x0000000707200000, 0x0000000707200000, 0x0000000707400000|  0%| F|  |TAMS 0x0000000707200000, 0x0000000707200000| Untracked 
|  34|0x0000000707400000, 0x0000000707400000, 0x0000000707600000|  0%| F|  |TAMS 0x0000000707400000, 0x0000000707400000| Untracked 
|  35|0x0000000707600000, 0x0000000707600000, 0x0000000707800000|  0%| F|  |TAMS 0x0000000707600000, 0x0000000707600000| Untracked 
|  36|0x0000000707800000, 0x0000000707800000, 0x0000000707a00000|  0%| F|  |TAMS 0x0000000707800000, 0x0000000707800000| Untracked 
|  37|0x0000000707a00000, 0x0000000707a00000, 0x0000000707c00000|  0%| F|  |TAMS 0x0000000707a00000, 0x0000000707a00000| Untracked 
|  38|0x0000000707c00000, 0x0000000707c00000, 0x0000000707e00000|  0%| F|  |TAMS 0x0000000707c00000, 0x0000000707c00000| Untracked 
|  39|0x0000000707e00000, 0x0000000707e00000, 0x0000000708000000|  0%| F|  |TAMS 0x0000000707e00000, 0x0000000707e00000| Untracked 
|  40|0x0000000708000000, 0x0000000708000000, 0x0000000708200000|  0%| F|  |TAMS 0x0000000708000000, 0x0000000708000000| Untracked 
|  41|0x0000000708200000, 0x0000000708200000, 0x0000000708400000|  0%| F|  |TAMS 0x0000000708200000, 0x0000000708200000| Untracked 
|  42|0x0000000708400000, 0x0000000708400000, 0x0000000708600000|  0%| F|  |TAMS 0x0000000708400000, 0x0000000708400000| Untracked 
|  43|0x0000000708600000, 0x0000000708600000, 0x0000000708800000|  0%| F|  |TAMS 0x0000000708600000, 0x0000000708600000| Untracked 
|  44|0x0000000708800000, 0x0000000708800000, 0x0000000708a00000|  0%| F|  |TAMS 0x0000000708800000, 0x0000000708800000| Untracked 
|  45|0x0000000708a00000, 0x0000000708a00000, 0x0000000708c00000|  0%| F|  |TAMS 0x0000000708a00000, 0x0000000708a00000| Untracked 
|  46|0x0000000708c00000, 0x0000000708c00000, 0x0000000708e00000|  0%| F|  |TAMS 0x0000000708c00000, 0x0000000708c00000| Untracked 
|  47|0x0000000708e00000, 0x0000000708e00000, 0x0000000709000000|  0%| F|  |TAMS 0x0000000708e00000, 0x0000000708e00000| Untracked 
|  48|0x0000000709000000, 0x0000000709000000, 0x0000000709200000|  0%| F|  |TAMS 0x0000000709000000, 0x0000000709000000| Untracked 
|  49|0x0000000709200000, 0x0000000709200000, 0x0000000709400000|  0%| F|  |TAMS 0x0000000709200000, 0x0000000709200000| Untracked 
|  50|0x0000000709400000, 0x0000000709400000, 0x0000000709600000|  0%| F|  |TAMS 0x0000000709400000, 0x0000000709400000| Untracked 
|  51|0x0000000709600000, 0x0000000709600000, 0x0000000709800000|  0%| F|  |TAMS 0x0000000709600000, 0x0000000709600000| Untracked 
|  52|0x0000000709800000, 0x0000000709800000, 0x0000000709a00000|  0%| F|  |TAMS 0x0000000709800000, 0x0000000709800000| Untracked 
|  53|0x0000000709a00000, 0x0000000709a00000, 0x0000000709c00000|  0%| F|  |TAMS 0x0000000709a00000, 0x0000000709a00000| Untracked 
|  54|0x0000000709c00000, 0x0000000709c00000, 0x0000000709e00000|  0%| F|  |TAMS 0x0000000709c00000, 0x0000000709c00000| Untracked 
|  55|0x0000000709e00000, 0x0000000709e00000, 0x000000070a000000|  0%| F|  |TAMS 0x0000000709e00000, 0x0000000709e00000| Untracked 
|  56|0x000000070a000000, 0x000000070a000000, 0x000000070a200000|  0%| F|  |TAMS 0x000000070a000000, 0x000000070a000000| Untracked 
|  57|0x000000070a200000, 0x000000070a200000, 0x000000070a400000|  0%| F|  |TAMS 0x000000070a200000, 0x000000070a200000| Untracked 
|  58|0x000000070a400000, 0x000000070a400000, 0x000000070a600000|  0%| F|  |TAMS 0x000000070a400000, 0x000000070a400000| Untracked 
|  59|0x000000070a600000, 0x000000070a600000, 0x000000070a800000|  0%| F|  |TAMS 0x000000070a600000, 0x000000070a600000| Untracked 
|  60|0x000000070a800000, 0x000000070a800000, 0x000000070aa00000|  0%| F|  |TAMS 0x000000070a800000, 0x000000070a800000| Untracked 
|  61|0x000000070aa00000, 0x000000070aa00000, 0x000000070ac00000|  0%| F|  |TAMS 0x000000070aa00000, 0x000000070aa00000| Untracked 
|  62|0x000000070ac00000, 0x000000070ac00000, 0x000000070ae00000|  0%| F|  |TAMS 0x000000070ac00000, 0x000000070ac00000| Untracked 
|  63|0x000000070ae00000, 0x000000070ae00000, 0x000000070b000000|  0%| F|  |TAMS 0x000000070ae00000, 0x000000070ae00000| Untracked 
|  64|0x000000070b000000, 0x000000070b000000, 0x000000070b200000|  0%| F|  |TAMS 0x000000070b000000, 0x000000070b000000| Untracked 
|  65|0x000000070b200000, 0x000000070b200000, 0x000000070b400000|  0%| F|  |TAMS 0x000000070b200000, 0x000000070b200000| Untracked 
|  66|0x000000070b400000, 0x000000070b400000, 0x000000070b600000|  0%| F|  |TAMS 0x000000070b400000, 0x000000070b400000| Untracked 
|  67|0x000000070b600000, 0x000000070b600000, 0x000000070b800000|  0%| F|  |TAMS 0x000000070b600000, 0x000000070b600000| Untracked 
|  68|0x000000070b800000, 0x000000070b800000, 0x000000070ba00000|  0%| F|  |TAMS 0x000000070b800000, 0x000000070b800000| Untracked 
|  69|0x000000070ba00000, 0x000000070ba00000, 0x000000070bc00000|  0%| F|  |TAMS 0x000000070ba00000, 0x000000070ba00000| Untracked 
|  70|0x000000070bc00000, 0x000000070bc00000, 0x000000070be00000|  0%| F|  |TAMS 0x000000070bc00000, 0x000000070bc00000| Untracked 
|  71|0x000000070be00000, 0x000000070be00000, 0x000000070c000000|  0%| F|  |TAMS 0x000000070be00000, 0x000000070be00000| Untracked 
|  72|0x000000070c000000, 0x000000070c000000, 0x000000070c200000|  0%| F|  |TAMS 0x000000070c000000, 0x000000070c000000| Untracked 
|  73|0x000000070c200000, 0x000000070c200000, 0x000000070c400000|  0%| F|  |TAMS 0x000000070c200000, 0x000000070c200000| Untracked 
|  74|0x000000070c400000, 0x000000070c400000, 0x000000070c600000|  0%| F|  |TAMS 0x000000070c400000, 0x000000070c400000| Untracked 
|  75|0x000000070c600000, 0x000000070c600000, 0x000000070c800000|  0%| F|  |TAMS 0x000000070c600000, 0x000000070c600000| Untracked 
|  76|0x000000070c800000, 0x000000070c800000, 0x000000070ca00000|  0%| F|  |TAMS 0x000000070c800000, 0x000000070c800000| Untracked 
|  77|0x000000070ca00000, 0x000000070ca00000, 0x000000070cc00000|  0%| F|  |TAMS 0x000000070ca00000, 0x000000070ca00000| Untracked 
|  78|0x000000070cc00000, 0x000000070cc00000, 0x000000070ce00000|  0%| F|  |TAMS 0x000000070cc00000, 0x000000070cc00000| Untracked 
|  79|0x000000070ce00000, 0x000000070ce00000, 0x000000070d000000|  0%| F|  |TAMS 0x000000070ce00000, 0x000000070ce00000| Untracked 
|  80|0x000000070d000000, 0x000000070d000000, 0x000000070d200000|  0%| F|  |TAMS 0x000000070d000000, 0x000000070d000000| Untracked 
|  81|0x000000070d200000, 0x000000070d200000, 0x000000070d400000|  0%| F|  |TAMS 0x000000070d200000, 0x000000070d200000| Untracked 
|  82|0x000000070d400000, 0x000000070d400000, 0x000000070d600000|  0%| F|  |TAMS 0x000000070d400000, 0x000000070d400000| Untracked 
|  83|0x000000070d600000, 0x000000070d600000, 0x000000070d800000|  0%| F|  |TAMS 0x000000070d600000, 0x000000070d600000| Untracked 
|  84|0x000000070d800000, 0x000000070d800000, 0x000000070da00000|  0%| F|  |TAMS 0x000000070d800000, 0x000000070d800000| Untracked 
|  85|0x000000070da00000, 0x000000070da00000, 0x000000070dc00000|  0%| F|  |TAMS 0x000000070da00000, 0x000000070da00000| Untracked 
|  86|0x000000070dc00000, 0x000000070dc00000, 0x000000070de00000|  0%| F|  |TAMS 0x000000070dc00000, 0x000000070dc00000| Untracked 
|  87|0x000000070de00000, 0x000000070de00000, 0x000000070e000000|  0%| F|  |TAMS 0x000000070de00000, 0x000000070de00000| Untracked 
|  88|0x000000070e000000, 0x000000070e000000, 0x000000070e200000|  0%| F|  |TAMS 0x000000070e000000, 0x000000070e000000| Untracked 
|  89|0x000000070e200000, 0x000000070e200000, 0x000000070e400000|  0%| F|  |TAMS 0x000000070e200000, 0x000000070e200000| Untracked 
|  90|0x000000070e400000, 0x000000070e400000, 0x000000070e600000|  0%| F|  |TAMS 0x000000070e400000, 0x000000070e400000| Untracked 
|  91|0x000000070e600000, 0x000000070e600000, 0x000000070e800000|  0%| F|  |TAMS 0x000000070e600000, 0x000000070e600000| Untracked 
|  92|0x000000070e800000, 0x000000070e800000, 0x000000070ea00000|  0%| F|  |TAMS 0x000000070e800000, 0x000000070e800000| Untracked 
|  93|0x000000070ea00000, 0x000000070ea00000, 0x000000070ec00000|  0%| F|  |TAMS 0x000000070ea00000, 0x000000070ea00000| Untracked 
|  94|0x000000070ec00000, 0x000000070ec00000, 0x000000070ee00000|  0%| F|  |TAMS 0x000000070ec00000, 0x000000070ec00000| Untracked 
|  95|0x000000070ee00000, 0x000000070ee00000, 0x000000070f000000|  0%| F|  |TAMS 0x000000070ee00000, 0x000000070ee00000| Untracked 
|  96|0x000000070f000000, 0x000000070f000000, 0x000000070f200000|  0%| F|  |TAMS 0x000000070f000000, 0x000000070f000000| Untracked 
|  97|0x000000070f200000, 0x000000070f200000, 0x000000070f400000|  0%| F|  |TAMS 0x000000070f200000, 0x000000070f200000| Untracked 
|  98|0x000000070f400000, 0x000000070f400000, 0x000000070f600000|  0%| F|  |TAMS 0x000000070f400000, 0x000000070f400000| Untracked 
|  99|0x000000070f600000, 0x000000070f600000, 0x000000070f800000|  0%| F|  |TAMS 0x000000070f600000, 0x000000070f600000| Untracked 
| 100|0x000000070f800000, 0x000000070f800000, 0x000000070fa00000|  0%| F|  |TAMS 0x000000070f800000, 0x000000070f800000| Untracked 
| 101|0x000000070fa00000, 0x000000070fa00000, 0x000000070fc00000|  0%| F|  |TAMS 0x000000070fa00000, 0x000000070fa00000| Untracked 
| 102|0x000000070fc00000, 0x000000070fc00000, 0x000000070fe00000|  0%| F|  |TAMS 0x000000070fc00000, 0x000000070fc00000| Untracked 
| 103|0x000000070fe00000, 0x000000070fe00000, 0x0000000710000000|  0%| F|  |TAMS 0x000000070fe00000, 0x000000070fe00000| Untracked 
| 104|0x0000000710000000, 0x0000000710000000, 0x0000000710200000|  0%| F|  |TAMS 0x0000000710000000, 0x0000000710000000| Untracked 
| 105|0x0000000710200000, 0x0000000710200000, 0x0000000710400000|  0%| F|  |TAMS 0x0000000710200000, 0x0000000710200000| Untracked 
| 106|0x0000000710400000, 0x0000000710400000, 0x0000000710600000|  0%| F|  |TAMS 0x0000000710400000, 0x0000000710400000| Untracked 
| 107|0x0000000710600000, 0x0000000710600000, 0x0000000710800000|  0%| F|  |TAMS 0x0000000710600000, 0x0000000710600000| Untracked 
| 108|0x0000000710800000, 0x0000000710800000, 0x0000000710a00000|  0%| F|  |TAMS 0x0000000710800000, 0x0000000710800000| Untracked 
| 109|0x0000000710a00000, 0x0000000710a00000, 0x0000000710c00000|  0%| F|  |TAMS 0x0000000710a00000, 0x0000000710a00000| Untracked 
| 110|0x0000000710c00000, 0x0000000710c00000, 0x0000000710e00000|  0%| F|  |TAMS 0x0000000710c00000, 0x0000000710c00000| Untracked 
| 111|0x0000000710e00000, 0x0000000710e00000, 0x0000000711000000|  0%| F|  |TAMS 0x0000000710e00000, 0x0000000710e00000| Untracked 
| 112|0x0000000711000000, 0x0000000711000000, 0x0000000711200000|  0%| F|  |TAMS 0x0000000711000000, 0x0000000711000000| Untracked 
| 113|0x0000000711200000, 0x0000000711200000, 0x0000000711400000|  0%| F|  |TAMS 0x0000000711200000, 0x0000000711200000| Untracked 
| 114|0x0000000711400000, 0x0000000711400000, 0x0000000711600000|  0%| F|  |TAMS 0x0000000711400000, 0x0000000711400000| Untracked 
| 115|0x0000000711600000, 0x0000000711600000, 0x0000000711800000|  0%| F|  |TAMS 0x0000000711600000, 0x0000000711600000| Untracked 
| 116|0x0000000711800000, 0x0000000711800000, 0x0000000711a00000|  0%| F|  |TAMS 0x0000000711800000, 0x0000000711800000| Untracked 
| 117|0x0000000711a00000, 0x0000000711a00000, 0x0000000711c00000|  0%| F|  |TAMS 0x0000000711a00000, 0x0000000711a00000| Untracked 
| 118|0x0000000711c00000, 0x0000000711c00000, 0x0000000711e00000|  0%| F|  |TAMS 0x0000000711c00000, 0x0000000711c00000| Untracked 
| 119|0x0000000711e00000, 0x0000000711e00000, 0x0000000712000000|  0%| F|  |TAMS 0x0000000711e00000, 0x0000000711e00000| Untracked 
| 120|0x0000000712000000, 0x0000000712000000, 0x0000000712200000|  0%| F|  |TAMS 0x0000000712000000, 0x0000000712000000| Untracked 
| 121|0x0000000712200000, 0x0000000712200000, 0x0000000712400000|  0%| F|  |TAMS 0x0000000712200000, 0x0000000712200000| Untracked 
| 122|0x0000000712400000, 0x0000000712400000, 0x0000000712600000|  0%| F|  |TAMS 0x0000000712400000, 0x0000000712400000| Untracked 
| 123|0x0000000712600000, 0x00000007127c51f0, 0x0000000712800000| 88%| E|  |TAMS 0x0000000712600000, 0x0000000712600000| Complete 
| 124|0x0000000712800000, 0x0000000712a00000, 0x0000000712a00000|100%| E|CS|TAMS 0x0000000712800000, 0x0000000712800000| Complete 
| 125|0x0000000712a00000, 0x0000000712c00000, 0x0000000712c00000|100%| E|CS|TAMS 0x0000000712a00000, 0x0000000712a00000| Complete 
| 126|0x0000000712c00000, 0x0000000712e00000, 0x0000000712e00000|100%| E|CS|TAMS 0x0000000712c00000, 0x0000000712c00000| Complete 

Card table byte_map: [0x0000015718910000,0x0000015719100000] _byte_map_base: 0x00000157150f8000

Marking Bits (Prev, Next): (CMBitMap*) 0x00000157014a3b00, (CMBitMap*) 0x00000157014a3b40
 Prev Bits: [0x00000157198f0000, 0x000001571d830000)
 Next Bits: [0x000001571d830000, 0x0000015721770000)

Polling page: 0x000001577f350000

Metaspace:

Usage:
  Non-class:      2.03 MB used.
      Class:    221.98 KB used.
       Both:      2.25 MB used.

Virtual space:
  Non-class space:       64.00 MB reserved,       2.06 MB (  3%) committed,  1 nodes.
      Class space:        1.00 GB reserved,     256.00 KB ( <1%) committed,  1 nodes.
             Both:        1.06 GB reserved,       2.31 MB ( <1%) committed. 

Chunk freelists:
   Non-Class:  11.00 MB
       Class:  15.63 MB
        Both:  26.63 MB

MaxMetaspaceSize: unlimited
CompressedClassSpaceSize: 1.00 GB
Initial GC threshold: 21.00 MB
Current GC threshold: 21.00 MB
CDS: on
MetaspaceReclaimPolicy: balanced
 - commit_granule_bytes: 65536.
 - commit_granule_words: 8192.
 - virtual_space_node_default_size: 8388608.
 - enlarge_chunks_in_place: 1.
 - new_chunks_are_fully_committed: 0.
 - uncommit_free_chunks: 1.
 - use_allocation_guard: 0.
 - handle_deallocations: 1.


Internal statistics:

num_allocs_failed_limit: 0.
num_arena_births: 18.
num_arena_deaths: 0.
num_vsnodes_births: 2.
num_vsnodes_deaths: 0.
num_space_committed: 37.
num_space_uncommitted: 0.
num_chunks_returned_to_freelist: 0.
num_chunks_taken_from_freelist: 76.
num_chunk_merges: 0.
num_chunk_splits: 48.
num_chunks_enlarged: 41.
num_inconsistent_stats: 0.

CodeHeap 'non-profiled nmethods': size=120000Kb used=139Kb max_used=139Kb free=119860Kb
 bounds [0x00000157107b0000, 0x0000015710a20000, 0x0000015717ce0000]
CodeHeap 'profiled nmethods': size=120000Kb used=800Kb max_used=800Kb free=119199Kb
 bounds [0x0000015708ce0000, 0x0000015708f50000, 0x0000015710210000]
CodeHeap 'non-nmethods': size=5760Kb used=1116Kb max_used=1131Kb free=4643Kb
 bounds [0x0000015710210000, 0x0000015710480000, 0x00000157107b0000]
 total_blobs=883 nmethods=487 adapters=309
 compilation: enabled
              stopped_count=0, restarted_count=0
 full_count=0

Compilation events (20 events):
Event: 0.278 Thread 0x00000157245da9f0  478       3       java.lang.String::newStringUTF8NoRepl (276 bytes)
Event: 0.279 Thread 0x00000157245da9f0 nmethod 478 0x0000015708da1790 code [0x0000015708da1a40, 0x0000015708da2b58]
Event: 0.280 Thread 0x00000157245da9f0  479       3       java.security.AccessController::checkContext (49 bytes)
Event: 0.280 Thread 0x00000157245da9f0 nmethod 479 0x0000015708da3110 code [0x0000015708da3320, 0x0000015708da3a18]
Event: 0.280 Thread 0x00000157245d1f30 nmethod 474% 0x00000157107d2510 code [0x00000157107d26a0, 0x00000157107d2938]
Event: 0.281 Thread 0x00000157245da9f0  480       3       java.security.AccessController::executePrivileged (65 bytes)
Event: 0.281 Thread 0x00000157245da9f0 nmethod 480 0x0000015708da3c90 code [0x0000015708da3e60, 0x0000015708da4158]
Event: 0.281 Thread 0x00000157245da9f0  482       3       org.codehaus.plexus.classworlds.realm.ClassRealm::loadClass (7 bytes)
Event: 0.282 Thread 0x00000157245da9f0 nmethod 482 0x0000015708da4290 code [0x0000015708da4420, 0x0000015708da45e8]
Event: 0.282 Thread 0x00000157245da9f0  483   !   3       org.codehaus.plexus.classworlds.realm.ClassRealm::loadClass (33 bytes)
Event: 0.282 Thread 0x00000157245da9f0 nmethod 483 0x0000015708da4690 code [0x0000015708da4860, 0x0000015708da4af8]
Event: 0.282 Thread 0x00000157245da9f0  484   !   3       java.security.AccessController::doPrivileged (26 bytes)
Event: 0.282 Thread 0x00000157245da9f0 nmethod 484 0x0000015708da4c90 code [0x0000015708da4ea0, 0x0000015708da5388]
Event: 0.282 Thread 0x00000157245da9f0  485       3       java.net.URL::toExternalForm (9 bytes)
Event: 0.283 Thread 0x00000157245da9f0 nmethod 485 0x0000015708da5610 code [0x0000015708da57c0, 0x0000015708da59a8]
Event: 0.283 Thread 0x00000157245da9f0  486       3       java.net.URLStreamHandler::toExternalForm (156 bytes)
Event: 0.284 Thread 0x00000157245da9f0 nmethod 486 0x0000015708da5a90 code [0x0000015708da5ea0, 0x0000015708da7658]
Event: 0.284 Thread 0x00000157245da9f0  487       3       sun.net.www.protocol.file.Handler::parseURL (18 bytes)
Event: 0.284 Thread 0x00000157245da9f0 nmethod 487 0x0000015708da7e10 code [0x0000015708da7fc0, 0x0000015708da8178]
Event: 0.284 Thread 0x00000157245da9f0  488       3       java.net.URLStreamHandler::parseURL (1201 bytes)

GC Heap History (0 events):
No events

Deoptimization events (2 events):
Event: 0.127 Thread 0x0000015701436ea0 DEOPT PACKING pc=0x0000015708cf2467 sp=0x000000360eaf9c70
Event: 0.127 Thread 0x0000015701436ea0 DEOPT UNPACKING pc=0x0000015710262b43 sp=0x000000360eaf9090 mode 0

Classes unloaded (0 events):
No events

Classes redefined (0 events):
No events

Internal exceptions (17 events):
Event: 0.093 Thread 0x0000015701436ea0 Exception <a 'java/lang/NoSuchMethodError'{0x0000000712df3320}: 'int java.lang.invoke.DirectMethodHandle$Holder.invokeSpecial(java.lang.Object, java.lang.Object, java.lang.Object)'> (0x0000000712df3320) 
thrown [s\open\src\hotspot\share\interpreter\linkResolver.cpp, line 759]
Event: 0.162 Thread 0x0000015701436ea0 Exception <a 'java/lang/NullPointerException'{0x0000000712848308}> (0x0000000712848308) 
thrown [s\open\src\hotspot\share\interpreter\linkResolver.cpp, line 1350]
Event: 0.177 Thread 0x0000015701436ea0 Exception <a 'java/lang/NullPointerException'{0x000000071287fa30}> (0x000000071287fa30) 
thrown [s\open\src\hotspot\share\interpreter\linkResolver.cpp, line 1350]
Event: 0.177 Thread 0x0000015701436ea0 Exception <a 'java/lang/NullPointerException'{0x000000071287fd08}> (0x000000071287fd08) 
thrown [s\open\src\hotspot\share\interpreter\linkResolver.cpp, line 1350]
Event: 0.177 Thread 0x0000015701436ea0 Exception <a 'java/lang/NullPointerException'{0x000000071287ffe0}> (0x000000071287ffe0) 
thrown [s\open\src\hotspot\share\interpreter\linkResolver.cpp, line 1350]
Event: 0.178 Thread 0x0000015701436ea0 Exception <a 'java/lang/NullPointerException'{0x00000007128855a8}> (0x00000007128855a8) 
thrown [s\open\src\hotspot\share\interpreter\linkResolver.cpp, line 1350]
Event: 0.180 Thread 0x0000015701436ea0 Exception <a 'java/lang/NullPointerException'{0x000000071289ac50}> (0x000000071289ac50) 
thrown [s\open\src\hotspot\share\interpreter\linkResolver.cpp, line 1350]
Event: 0.180 Thread 0x0000015701436ea0 Exception <a 'java/lang/NullPointerException'{0x000000071289af28}> (0x000000071289af28) 
thrown [s\open\src\hotspot\share\interpreter\linkResolver.cpp, line 1350]
Event: 0.180 Thread 0x0000015701436ea0 Exception <a 'java/lang/NullPointerException'{0x000000071289b200}> (0x000000071289b200) 
thrown [s\open\src\hotspot\share\interpreter\linkResolver.cpp, line 1350]
Event: 0.180 Thread 0x0000015701436ea0 Exception <a 'java/lang/NullPointerException'{0x000000071289b4d8}> (0x000000071289b4d8) 
thrown [s\open\src\hotspot\share\interpreter\linkResolver.cpp, line 1350]
Event: 0.186 Thread 0x0000015701436ea0 Exception <a 'sun/nio/fs/WindowsException'{0x00000007128c70c0}> (0x00000007128c70c0) 
thrown [s\open\src\hotspot\share\prims\jni.cpp, line 516]
Event: 0.187 Thread 0x0000015701436ea0 Exception <a 'sun/nio/fs/WindowsException'{0x00000007128c7758}> (0x00000007128c7758) 
thrown [s\open\src\hotspot\share\prims\jni.cpp, line 516]
Event: 0.187 Thread 0x0000015701436ea0 Exception <a 'sun/nio/fs/WindowsException'{0x00000007128c7c50}> (0x00000007128c7c50) 
thrown [s\open\src\hotspot\share\prims\jni.cpp, line 516]
Event: 0.187 Thread 0x0000015701436ea0 Exception <a 'sun/nio/fs/WindowsException'{0x00000007128c8108}> (0x00000007128c8108) 
thrown [s\open\src\hotspot\share\prims\jni.cpp, line 516]
Event: 0.206 Thread 0x0000015701436ea0 Exception <a 'java/lang/NoSuchMethodError'{0x000000071293dce0}: 'void java.lang.invoke.DirectMethodHandle$Holder.invokeStatic(java.lang.Object, java.lang.Object, java.lang.Object)'> (0x000000071293dce0) 
thrown [s\open\src\hotspot\share\interpreter\linkResolver.cpp, line 759]
Event: 0.216 Thread 0x0000015701436ea0 Exception <a 'java/lang/NoSuchMethodError'{0x0000000712999798}: 'int java.lang.invoke.DirectMethodHandle$Holder.invokeStatic(java.lang.Object, java.lang.Object, int)'> (0x0000000712999798) 
thrown [s\open\src\hotspot\share\interpreter\linkResolver.cpp, line 759]
Event: 0.274 Thread 0x0000015701436ea0 Exception <a 'java/lang/NoSuchMethodError'{0x0000000712704b60}: 'java.lang.Object java.lang.invoke.DirectMethodHandle$Holder.invokeSpecialIFC(java.lang.Object, java.lang.Object, java.lang.Object, java.lang.Object)'> (0x0000000712704b60) 
thrown [s\open\src\hotspot\share\interpreter\linkResolver.cpp, line 759]

VM Operations (6 events):
Event: 0.063 Executing VM operation: HandshakeAllThreads
Event: 0.063 Executing VM operation: HandshakeAllThreads done
Event: 0.161 Executing VM operation: HandshakeAllThreads
Event: 0.161 Executing VM operation: HandshakeAllThreads done
Event: 0.169 Executing VM operation: HandshakeAllThreads
Event: 0.169 Executing VM operation: HandshakeAllThreads done

Events (20 events):
Event: 0.254 loading class java/text/MessageFormat
Event: 0.254 loading class java/text/MessageFormat done
Event: 0.258 loading class java/io/EOFException
Event: 0.258 loading class java/io/EOFException done
Event: 0.262 loading class java/io/StringWriter
Event: 0.262 loading class java/io/StringWriter done
Event: 0.267 loading class java/util/ArrayList$ListItr
Event: 0.267 loading class java/util/ArrayList$ListItr done
Event: 0.271 loading class sun/invoke/util/VerifyAccess$1
Event: 0.271 loading class sun/invoke/util/VerifyAccess$1 done
Event: 0.278 loading class java/lang/TypeNotPresentException
Event: 0.278 loading class java/lang/TypeNotPresentException done
Event: 0.287 loading class java/util/concurrent/atomic/AtomicReferenceFieldUpdater
Event: 0.287 loading class java/util/concurrent/atomic/AtomicReferenceFieldUpdater done
Event: 0.287 loading class java/util/concurrent/atomic/AtomicReferenceFieldUpdater$AtomicReferenceFieldUpdaterImpl
Event: 0.287 loading class java/util/concurrent/atomic/AtomicReferenceFieldUpdater$AtomicReferenceFieldUpdaterImpl done
Event: 0.287 loading class java/util/concurrent/atomic/AtomicReferenceFieldUpdater$AtomicReferenceFieldUpdaterImpl$1
Event: 0.287 loading class java/util/concurrent/atomic/AtomicReferenceFieldUpdater$AtomicReferenceFieldUpdaterImpl$1 done
Event: 0.287 loading class sun/reflect/misc/ReflectUtil
Event: 0.287 loading class sun/reflect/misc/ReflectUtil done


Dynamic libraries:
0x00007ff744910000 - 0x00007ff744920000 	C:\Program Files\Java\jdk-17.0.9\bin\java.exe
0x00007ffcec970000 - 0x00007ffcecb68000 	C:\WINDOWS\SYSTEM32\ntdll.dll
0x00007ffceb7e0000 - 0x00007ffceb89d000 	C:\WINDOWS\System32\KERNEL32.DLL
0x00007ffcea550000 - 0x00007ffcea846000 	C:\WINDOWS\System32\KERNELBASE.dll
0x00007ffcea130000 - 0x00007ffcea230000 	C:\WINDOWS\System32\ucrtbase.dll
0x00007ffce06b0000 - 0x00007ffce06cb000 	C:\Program Files\Java\jdk-17.0.9\bin\VCRUNTIME140.dll
0x00007ffce0600000 - 0x00007ffce0619000 	C:\Program Files\Java\jdk-17.0.9\bin\jli.dll
0x00007ffcebb80000 - 0x00007ffcebc30000 	C:\WINDOWS\System32\ADVAPI32.dll
0x00007ffceba70000 - 0x00007ffcebb0e000 	C:\WINDOWS\System32\msvcrt.dll
0x00007ffcec4a0000 - 0x00007ffcec540000 	C:\WINDOWS\System32\sechost.dll
0x00007ffcec540000 - 0x00007ffcec665000 	C:\WINDOWS\System32\RPCRT4.dll
0x00007ffcea020000 - 0x00007ffcea047000 	C:\WINDOWS\System32\bcrypt.dll
0x00007ffcec670000 - 0x00007ffcec80e000 	C:\WINDOWS\System32\USER32.dll
0x00007ffcc8350000 - 0x00007ffcc85ea000 	C:\WINDOWS\WinSxS\amd64_microsoft.windows.common-controls_6595b64144ccf1df_6.0.19041.3636_none_60b6a03d71f818d5\COMCTL32.dll
0x00007ffcea850000 - 0x00007ffcea872000 	C:\WINDOWS\System32\win32u.dll
0x00007ffceb180000 - 0x00007ffceb1ab000 	C:\WINDOWS\System32\GDI32.dll
0x00007ffcea880000 - 0x00007ffcea997000 	C:\WINDOWS\System32\gdi32full.dll
0x00007ffcea4b0000 - 0x00007ffcea54d000 	C:\WINDOWS\System32\msvcp_win.dll
0x00007ffcdef20000 - 0x00007ffcdef2a000 	C:\WINDOWS\SYSTEM32\VERSION.dll
0x00007ffceb3a0000 - 0x00007ffceb3d2000 	C:\WINDOWS\System32\IMM32.DLL
0x00007ffce0850000 - 0x00007ffce085c000 	C:\Program Files\Java\jdk-17.0.9\bin\vcruntime140_1.dll
0x00007ffcc6120000 - 0x00007ffcc61ae000 	C:\Program Files\Java\jdk-17.0.9\bin\msvcp140.dll
0x00007ffc761e0000 - 0x00007ffc76dc1000 	C:\Program Files\Java\jdk-17.0.9\bin\server\jvm.dll
0x00007ffceb170000 - 0x00007ffceb178000 	C:\WINDOWS\System32\PSAPI.DLL
0x00007ffce25a0000 - 0x00007ffce25a9000 	C:\WINDOWS\SYSTEM32\WSOCK32.dll
0x00007ffcd2dd0000 - 0x00007ffcd2df7000 	C:\WINDOWS\SYSTEM32\WINMM.dll
0x00007ffcebb10000 - 0x00007ffcebb7b000 	C:\WINDOWS\System32\WS2_32.dll
0x00007ffce7f00000 - 0x00007ffce7f12000 	C:\WINDOWS\SYSTEM32\kernel.appcore.dll
0x00007ffce0790000 - 0x00007ffce079a000 	C:\Program Files\Java\jdk-17.0.9\bin\jimage.dll
0x00007ffce7bf0000 - 0x00007ffce7dd4000 	C:\WINDOWS\SYSTEM32\DBGHELP.DLL
0x00007ffcdbfc0000 - 0x00007ffcdbff4000 	C:\WINDOWS\SYSTEM32\dbgcore.DLL
0x00007ffcea050000 - 0x00007ffcea0d2000 	C:\WINDOWS\System32\bcryptPrimitives.dll
0x00007ffce04e0000 - 0x00007ffce0505000 	C:\Program Files\Java\jdk-17.0.9\bin\java.dll
0x00007ffcac2a0000 - 0x00007ffcac377000 	C:\Program Files\Java\jdk-17.0.9\bin\jsvml.dll
0x00007ffcebd30000 - 0x00007ffcec49b000 	C:\WINDOWS\System32\SHELL32.dll
0x00007ffce8090000 - 0x00007ffce882e000 	C:\WINDOWS\SYSTEM32\windows.storage.dll
0x00007ffcea9a0000 - 0x00007ffceacf3000 	C:\WINDOWS\System32\combase.dll
0x00007ffce9a50000 - 0x00007ffce9a7e000 	C:\WINDOWS\SYSTEM32\Wldp.dll
0x00007ffceb8a0000 - 0x00007ffceb96d000 	C:\WINDOWS\System32\OLEAUT32.dll
0x00007ffceb6d0000 - 0x00007ffceb77d000 	C:\WINDOWS\System32\SHCORE.dll
0x00007ffceb340000 - 0x00007ffceb395000 	C:\WINDOWS\System32\shlwapi.dll
0x00007ffce9f50000 - 0x00007ffce9f75000 	C:\WINDOWS\SYSTEM32\profapi.dll
0x00007ffce0560000 - 0x00007ffce0579000 	C:\Program Files\Java\jdk-17.0.9\bin\net.dll
0x00007ffce1520000 - 0x00007ffce162a000 	C:\WINDOWS\SYSTEM32\WINHTTP.dll
0x00007ffce97b0000 - 0x00007ffce981a000 	C:\WINDOWS\system32\mswsock.dll
0x00007ffcdfa70000 - 0x00007ffcdfa86000 	C:\Program Files\Java\jdk-17.0.9\bin\nio.dll
0x00007ffcdfa50000 - 0x00007ffcdfa68000 	C:\Program Files\Java\jdk-17.0.9\bin\zip.dll
0x0000000069ac0000 - 0x0000000069ae4000 	C:\Maven\apache-maven-3.9.6\lib\jansi-native\Windows\x86_64\jansi.dll
0x00007ffcdfae0000 - 0x00007ffcdfaf0000 	C:\Program Files\Java\jdk-17.0.9\bin\verify.dll

dbghelp: loaded successfully - version: 4.0.5 - missing functions: none
symbol engine: initialized successfully - sym options: 0x614 - pdb path: .;C:\Program Files\Java\jdk-17.0.9\bin;C:\WINDOWS\SYSTEM32;C:\WINDOWS\WinSxS\amd64_microsoft.windows.common-controls_6595b64144ccf1df_6.0.19041.3636_none_60b6a03d71f818d5;C:\Program Files\Java\jdk-17.0.9\bin\server;C:\Maven\apache-maven-3.9.6\lib\jansi-native\Windows\x86_64

VM Arguments:
jvm_args: -Dclassworlds.conf=C:\Maven\apache-maven-3.9.6\bin\m2.conf -Dmaven.home=C:\Maven\apache-maven-3.9.6 -Dlibrary.jansi.path=C:\Maven\apache-maven-3.9.6\lib\jansi-native -Dmaven.multiModuleProjectDirectory=E:\ITI\Hr_Manager_Api\SoapApi 
java_command: org.codehaus.plexus.classworlds.launcher.Launcher clean tomcat7:redeploy
java_class_path (initial): C:\Maven\apache-maven-3.9.6\boot\plexus-classworlds-2.7.0.jar
Launcher Type: SUN_STANDARD

[Global flags]
     intx CICompilerCount                          = 4                                         {product} {ergonomic}
     uint ConcGCThreads                            = 3                                         {product} {ergonomic}
     uint G1ConcRefinementThreads                  = 10                                        {product} {ergonomic}
   size_t G1HeapRegionSize                         = 2097152                                   {product} {ergonomic}
    uintx GCDrainStackTargetSize                   = 64                                        {product} {ergonomic}
   size_t InitialHeapSize                          = 266338304                                 {product} {ergonomic}
   size_t MarkStackSize                            = 4194304                                   {product} {ergonomic}
   size_t MaxHeapSize                              = 4244635648                                {product} {ergonomic}
   size_t MaxNewSize                               = 2545942528                                {product} {ergonomic}
   size_t MinHeapDeltaBytes                        = 2097152                                   {product} {ergonomic}
   size_t MinHeapSize                              = 8388608                                   {product} {ergonomic}
    uintx NonNMethodCodeHeapSize                   = 5839372                                {pd product} {ergonomic}
    uintx NonProfiledCodeHeapSize                  = 122909434                              {pd product} {ergonomic}
    uintx ProfiledCodeHeapSize                     = 122909434                              {pd product} {ergonomic}
    uintx ReservedCodeCacheSize                    = 251658240                              {pd product} {ergonomic}
     bool SegmentedCodeCache                       = true                                      {product} {ergonomic}
   size_t SoftMaxHeapSize                          = 4244635648                             {manageable} {ergonomic}
     bool UseCompressedClassPointers               = true                           {product lp64_product} {ergonomic}
     bool UseCompressedOops                        = true                           {product lp64_product} {ergonomic}
     bool UseG1GC                                  = true                                      {product} {ergonomic}
     bool UseLargePagesIndividualAllocation        = false                                  {pd product} {ergonomic}

Logging:
Log output configuration:
 #0: stdout all=warning uptime,level,tags
 #1: stderr all=off uptime,level,tags

Environment Variables:
JAVA_HOME=C:\Program Files\Java\jdk-17.0.9
PATH=E:\downloads\jaxb-ri\bin;C:\Program Files\Zulu\zulu-17\bin\;C:\Program Files\Java\jdk-17.0.9\bin;C:\Program Files\Common Files\Oracle\Java\javapath;C:\oraclexe\app\oracle\product\11.2.0\server\bin;C:\Python310\Scripts\;C:\Python310\;C:\Program Files\Python38\Scripts\;C:\Program Files\Python38\;C:\Python27;C:\Windows;C:\Windows\System32\Wbem;C:\Windows\System32\WindowsPowerShell\v1.0\;C:\Windows\System32\OpenSSH\;C:\Program Files (x86)\NVIDIA Corporation\PhysX\Common;C:\Program Files\NVIDIA Corporation\NVIDIA NGX;C:\Program Files\NVIDIA Corporation\NVIDIA NvDLISR;C:\WINDOWS\system32;C:\WINDOWS;C:\WINDOWS\System32\Wbem;C:\WINDOWS\System32\WindowsPowerShell\v1.0\;C:\WINDOWS\System32\OpenSSH\;C:\Program Files\Microsoft SQL Server\150\Tools\Binn\;C:\ProgramData\chocolatey\bin;C:\Program Files\Microsoft SQL Server\Client SDK\ODBC\170\Tools\Binn\;C:\Program Files (x86)\Microsoft SQL Server\160\Tools\Binn\;C:\Program Files\Microsoft SQL Server\160\Tools\Binn\;C:\Program Files\Microsoft SQL Server\160\DTS\Binn\;C:\Maven\apache-maven-3.9.6\bin;C:\Program Files\Git\cmd;C:\Users\reems\AppData\Local\Programs Files\Python\Python37\Scripts;C:\Users\reems\AppData\roaming\Python\Python37\scripts\;C:\ProgramData\Microsoft\Windows\Start Menu\Programs\Cygwin;C:\Users\reems\AppData\Local\Programs\Microsoft VS Code\bin;C:\Program Files\heroku\bin;C:\Program Files\Azure Data Studio\bin;C:\Program Files\JetBrains\IntelliJ IDEA 2023.3.4\bin;
USERNAME=reems
OS=Windows_NT
PROCESSOR_IDENTIFIER=Intel64 Family 6 Model 158 Stepping 10, GenuineIntel



---------------  S Y S T E M  ---------------

OS:
 Windows 10 , 64 bit Build 19041 (10.0.19041.3636)
OS uptime: 0 days 18:02 hours
Hyper-V role detected

CPU: total 12 (initial active 12) (6 cores per cpu, 2 threads per core) family 6 model 158 stepping 10 microcode 0xd6, cx8, cmov, fxsr, ht, mmx, 3dnowpref, sse, sse2, sse3, ssse3, sse4.1, sse4.2, popcnt, lzcnt, tsc, tscinvbit, avx, avx2, aes, erms, clmul, bmi1, bmi2, adx, fma, vzeroupper, clflush, clflushopt, hv

Memory: 4k page, system-wide physical 16190M (2864M free)
TotalPageFile size 22045M (AvailPageFile size 24M)
current process WorkingSet (physical memory assigned to process): 48M, peak: 48M
current process commit charge ("private bytes"): 351M, peak: 351M

vm_info: Java HotSpot(TM) 64-Bit Server VM (17.0.9+11-LTS-201) for windows-amd64 JRE (17.0.9+11-LTS-201), built on Oct 10 2023 23:16:06 by "mach5one" with MS VC++ 17.1 (VS2022)

END.
